2024-07-04 05:40:11.363 [info] Log level: Info
2024-07-04 05:40:11.363 [info] Validating found git in: "git"
2024-07-04 05:40:11.363 [info] Using git "2.45.2" from "git"
2024-07-04 05:40:11.363 [info] > git rev-parse --show-toplevel [31ms]
2024-07-04 05:40:11.363 [info] fatal: not a git repository (or any parent up to mount point /)
Stopping at filesystem boundary (GIT_DISCOVERY_ACROSS_FILESYSTEM not set).
2024-07-04 05:40:11.363 [info] > git rev-parse --show-toplevel [38ms]
2024-07-04 05:40:11.363 [info] fatal: detected dubious ownership in repository at '/data/Users/VetriVendhan/Downloads/Unity-Simple-Multiplayer-Game-master/Code to Logic/Fullstack Training/Cartrabbit/frontend'
To add an exception for this directory, call:

	git config --global --add safe.directory '/data/Users/VetriVendhan/Downloads/Unity-Simple-Multiplayer-Game-master/Code to Logic/Fullstack Training/Cartrabbit/frontend'
2024-07-04 05:40:11.372 [info] > git rev-parse --show-toplevel [59ms]
2024-07-04 05:40:11.372 [info] fatal: detected dubious ownership in repository at '/data/Users/VetriVendhan/Downloads/Unity-Simple-Multiplayer-Game-master/Code to Logic/Fullstack Training/Cartrabbit/frontend'
To add an exception for this directory, call:

	git config --global --add safe.directory '/data/Users/VetriVendhan/Downloads/Unity-Simple-Multiplayer-Game-master/Code to Logic/Fullstack Training/Cartrabbit/frontend'
2024-07-04 05:40:13.284 [info] > git rev-parse --show-toplevel [7ms]
2024-07-04 05:40:13.284 [info] fatal: not a git repository (or any parent up to mount point /)
Stopping at filesystem boundary (GIT_DISCOVERY_ACROSS_FILESYSTEM not set).
2024-07-04 05:40:13.476 [info] > git rev-parse --show-toplevel [8ms]
2024-07-04 05:40:13.476 [info] fatal: not a git repository (or any parent up to mount point /)
Stopping at filesystem boundary (GIT_DISCOVERY_ACROSS_FILESYSTEM not set).
2024-07-04 05:40:15.638 [info] > git rev-parse --show-toplevel [15ms]
2024-07-04 05:40:15.638 [info] fatal: not a git repository (or any parent up to mount point /)
Stopping at filesystem boundary (GIT_DISCOVERY_ACROSS_FILESYSTEM not set).
