2024-07-04 05:41:30.191 [info] Added views:workbench.panel.markers.view in workbench.panel.markers
2024-07-04 05:41:30.191 [info] Added views:workbench.panel.output in workbench.panel.output
2024-07-04 05:41:30.191 [info] Added views:terminal in terminal
2024-07-04 05:41:30.191 [info] Added views:outline in workbench.view.explorer
2024-07-04 05:41:30.191 [info] Added views:workbench.scm in workbench.view.scm
2024-07-04 05:41:30.191 [info] Added views:workbench.view.search in workbench.view.search
2024-07-04 05:41:30.191 [info] Added views:timeline in workbench.view.explorer
2024-07-04 05:41:30.191 [info] Added views:workbench.explorer.fileView in workbench.view.explorer
2024-07-04 05:41:30.922 [info] Added views:workbench.debug.welcome in workbench.view.debug
2024-07-04 05:41:32.637 [info] Added views:workbench.panel.repl.view in workbench.panel.repl
2024-07-04 05:41:40.946 [info] Added views:~remote.forwardedPorts in ~remote.forwardedPortsContainer
2024-07-04 06:00:44.351 [info] Added views:workbench.panel.markers.view in workbench.panel.markers
2024-07-04 06:00:44.351 [info] Added views:workbench.panel.output in workbench.panel.output
2024-07-04 06:00:44.351 [info] Added views:terminal in terminal
2024-07-04 06:00:44.351 [info] Added views:outline in workbench.view.explorer
2024-07-04 06:00:44.351 [info] Added views:workbench.scm in workbench.view.scm
2024-07-04 06:00:44.351 [info] Added views:workbench.view.search in workbench.view.search
2024-07-04 06:00:44.351 [info] Added views:timeline in workbench.view.explorer
2024-07-04 06:00:44.351 [info] Added views:workbench.explorer.fileView in workbench.view.explorer
2024-07-04 06:00:44.965 [info] Added views:workbench.debug.welcome in workbench.view.debug
2024-07-04 06:00:47.345 [info] Added views:workbench.panel.repl.view in workbench.panel.repl
2024-07-04 06:00:52.387 [info] Added views:~remote.forwardedPorts in ~remote.forwardedPortsContainer
