2024-07-03 07:24:06.263 [info] Added views:workbench.panel.markers.view in workbench.panel.markers
2024-07-03 07:24:06.263 [info] Added views:workbench.panel.output in workbench.panel.output
2024-07-03 07:24:06.263 [info] Added views:terminal in terminal
2024-07-03 07:24:06.263 [info] Added views:outline in workbench.view.explorer
2024-07-03 07:24:06.263 [info] Added views:workbench.scm in workbench.view.scm
2024-07-03 07:24:06.263 [info] Added views:workbench.view.search in workbench.view.search
2024-07-03 07:24:06.263 [info] Added views:timeline in workbench.view.explorer
2024-07-03 07:24:06.263 [info] Added views:workbench.explorer.fileView in workbench.view.explorer
2024-07-03 07:24:07.832 [info] Added views:workbench.debug.welcome in workbench.view.debug
2024-07-03 07:24:09.367 [info] Added views:workbench.panel.repl.view in workbench.panel.repl
2024-07-03 07:24:12.403 [info] Added views:~remote.forwardedPorts in ~remote.forwardedPortsContainer
2024-07-03 07:24:48.891 [info] Added views:workbench.panel.markers.view in workbench.panel.markers
2024-07-03 07:24:48.891 [info] Added views:workbench.panel.output in workbench.panel.output
2024-07-03 07:24:48.891 [info] Added views:terminal in terminal
2024-07-03 07:24:48.891 [info] Added views:outline in workbench.view.explorer
2024-07-03 07:24:48.891 [info] Added views:workbench.scm in workbench.view.scm
2024-07-03 07:24:48.891 [info] Added views:workbench.view.search in workbench.view.search
2024-07-03 07:24:48.891 [info] Added views:timeline in workbench.view.explorer
2024-07-03 07:24:48.891 [info] Added views:workbench.explorer.fileView in workbench.view.explorer
2024-07-03 07:24:49.195 [info] Added views:workbench.debug.welcome in workbench.view.debug
2024-07-03 07:24:50.140 [info] Added views:workbench.panel.repl.view in workbench.panel.repl
2024-07-03 07:24:50.537 [info] Added views:~remote.forwardedPorts in ~remote.forwardedPortsContainer
