2024-07-02 21:59:38.522 [info] Added views:workbench.panel.markers.view in workbench.panel.markers
2024-07-02 21:59:38.522 [info] Added views:workbench.panel.output in workbench.panel.output
2024-07-02 21:59:38.522 [info] Added views:terminal in terminal
2024-07-02 21:59:38.522 [info] Added views:outline in workbench.view.explorer
2024-07-02 21:59:38.522 [info] Added views:workbench.scm in workbench.view.scm
2024-07-02 21:59:38.522 [info] Added views:workbench.view.search in workbench.view.search
2024-07-02 21:59:38.522 [info] Added views:timeline in workbench.view.explorer
2024-07-02 21:59:38.522 [info] Added views:workbench.explorer.emptyView in workbench.view.explorer
2024-07-02 21:59:39.083 [info] Added views:workbench.debug.variablesView,workbench.debug.watchExpressionsView,workbench.debug.callStackView,workbench.debug.breakPointsView in workbench.view.debug
2024-07-02 21:59:39.827 [info] Added views:~remote.forwardedPorts in ~remote.forwardedPortsContainer
2024-07-02 21:59:40.181 [info] Added views:workbench.panel.repl.view in workbench.panel.repl
2024-07-02 21:59:40.183 [info] Removed views:workbench.debug.breakPointsView,workbench.debug.callStackView,workbench.debug.watchExpressionsView,workbench.debug.variablesView from workbench.view.debug
2024-07-02 21:59:40.185 [info] Added views:workbench.debug.welcome in workbench.view.debug
2024-07-02 22:01:11.302 [info] Added views:workbench.panel.markers.view in workbench.panel.markers
2024-07-02 22:01:11.302 [info] Added views:workbench.panel.output in workbench.panel.output
2024-07-02 22:01:11.302 [info] Added views:terminal in terminal
2024-07-02 22:01:11.302 [info] Added views:outline in workbench.view.explorer
2024-07-02 22:01:11.302 [info] Added views:workbench.scm in workbench.view.scm
2024-07-02 22:01:11.302 [info] Added views:workbench.view.search in workbench.view.search
2024-07-02 22:01:11.302 [info] Added views:timeline in workbench.view.explorer
2024-07-02 22:01:11.302 [info] Added views:workbench.explorer.fileView in workbench.view.explorer
2024-07-02 22:01:12.242 [info] Added views:workbench.debug.variablesView,workbench.debug.watchExpressionsView,workbench.debug.callStackView,workbench.debug.breakPointsView in workbench.view.debug
2024-07-02 22:01:12.408 [info] Added views:~remote.forwardedPorts in ~remote.forwardedPortsContainer
2024-07-02 22:01:12.697 [info] Added views:workbench.panel.repl.view in workbench.panel.repl
2024-07-02 22:01:12.698 [info] Removed views:workbench.debug.breakPointsView,workbench.debug.callStackView,workbench.debug.watchExpressionsView,workbench.debug.variablesView from workbench.view.debug
2024-07-02 22:01:12.701 [info] Added views:workbench.debug.welcome in workbench.view.debug
