2024-07-02 21:37:28.640 [info] Added views:workbench.panel.markers.view in workbench.panel.markers
2024-07-02 21:37:28.640 [info] Added views:workbench.panel.output in workbench.panel.output
2024-07-02 21:37:28.640 [info] Added views:terminal in terminal
2024-07-02 21:37:28.640 [info] Added views:outline in workbench.view.explorer
2024-07-02 21:37:28.640 [info] Added views:workbench.scm in workbench.view.scm
2024-07-02 21:37:28.640 [info] Added views:workbench.view.search in workbench.view.search
2024-07-02 21:37:28.640 [info] Added views:timeline in workbench.view.explorer
2024-07-02 21:37:28.640 [info] Added views:workbench.explorer.emptyView in workbench.view.explorer
2024-07-02 21:37:29.329 [info] Added views:workbench.debug.welcome in workbench.view.debug
2024-07-02 21:37:30.184 [info] Added views:workbench.panel.repl.view in workbench.panel.repl
2024-07-02 21:37:31.120 [info] Added views:~remote.forwardedPorts in ~remote.forwardedPortsContainer
2024-07-02 21:37:36.471 [info] Added views:workbench.views.extensions.installed,workbench.views.extensions.popular,extensions.recommendedList in workbench.view.extensions
2024-07-02 21:37:36.480 [info] Removed views:workbench.views.extensions.popular from workbench.view.extensions
2024-07-02 21:37:58.266 [info] Added views:workbench.panel.markers.view in workbench.panel.markers
2024-07-02 21:37:58.266 [info] Added views:workbench.panel.output in workbench.panel.output
2024-07-02 21:37:58.266 [info] Added views:terminal in terminal
2024-07-02 21:37:58.266 [info] Added views:outline in workbench.view.explorer
2024-07-02 21:37:58.266 [info] Added views:workbench.scm in workbench.view.scm
2024-07-02 21:37:58.266 [info] Added views:workbench.view.search in workbench.view.search
2024-07-02 21:37:58.266 [info] Added views:timeline in workbench.view.explorer
2024-07-02 21:37:58.266 [info] Added views:workbench.explorer.fileView in workbench.view.explorer
2024-07-02 21:37:58.385 [info] Added views:workbench.debug.welcome in workbench.view.debug
2024-07-02 21:37:59.745 [info] Added views:workbench.panel.repl.view in workbench.panel.repl
2024-07-02 21:38:05.055 [info] Added views:~remote.forwardedPorts in ~remote.forwardedPortsContainer
2024-07-02 21:38:05.191 [info] Added views:workbench.views.extensions.installed,extensions.recommendedList in workbench.view.extensions
2024-07-02 21:38:12.437 [info] Removed views:extensions.recommendedList,workbench.views.extensions.installed from workbench.view.extensions
2024-07-02 21:38:12.451 [info] Added views:workbench.views.extensions.marketplace in workbench.view.extensions
2024-07-02 21:38:18.860 [info] Removed views:workbench.views.extensions.marketplace from workbench.view.extensions
2024-07-02 21:38:18.874 [info] Added views:workbench.views.extensions.installed,extensions.recommendedList in workbench.view.extensions
2024-07-02 21:38:22.103 [info] Removed views:extensions.recommendedList,workbench.views.extensions.installed from workbench.view.extensions
2024-07-02 21:38:22.113 [info] Added views:workbench.views.extensions.marketplace in workbench.view.extensions
2024-07-02 21:48:58.917 [info] Removed views:workbench.views.extensions.marketplace from workbench.view.extensions
2024-07-02 21:48:58.940 [info] Added views:workbench.views.extensions.installed,extensions.recommendedList in workbench.view.extensions
2024-07-02 21:49:01.729 [info] Removed views:extensions.recommendedList,workbench.views.extensions.installed from workbench.view.extensions
2024-07-02 21:49:01.741 [info] Added views:workbench.views.extensions.marketplace in workbench.view.extensions
