2024-07-03 07:38:14.399 [info] Added views:workbench.panel.markers.view in workbench.panel.markers
2024-07-03 07:38:14.399 [info] Added views:workbench.panel.output in workbench.panel.output
2024-07-03 07:38:14.399 [info] Added views:terminal in terminal
2024-07-03 07:38:14.399 [info] Added views:outline in workbench.view.explorer
2024-07-03 07:38:14.399 [info] Added views:workbench.scm in workbench.view.scm
2024-07-03 07:38:14.399 [info] Added views:workbench.view.search in workbench.view.search
2024-07-03 07:38:14.399 [info] Added views:timeline in workbench.view.explorer
2024-07-03 07:38:14.399 [info] Added views:workbench.explorer.fileView in workbench.view.explorer
2024-07-03 07:38:15.358 [info] Added views:workbench.debug.welcome in workbench.view.debug
2024-07-03 07:38:16.696 [info] Added views:workbench.panel.repl.view in workbench.panel.repl
2024-07-03 07:38:20.456 [info] Added views:~remote.forwardedPorts in ~remote.forwardedPortsContainer
2024-07-03 07:39:07.569 [info] Added views:workbench.panel.markers.view in workbench.panel.markers
2024-07-03 07:39:07.569 [info] Added views:workbench.panel.output in workbench.panel.output
2024-07-03 07:39:07.569 [info] Added views:terminal in terminal
2024-07-03 07:39:07.569 [info] Added views:outline in workbench.view.explorer
2024-07-03 07:39:07.569 [info] Added views:workbench.scm in workbench.view.scm
2024-07-03 07:39:07.569 [info] Added views:workbench.view.search in workbench.view.search
2024-07-03 07:39:07.569 [info] Added views:timeline in workbench.view.explorer
2024-07-03 07:39:07.569 [info] Added views:workbench.explorer.fileView in workbench.view.explorer
2024-07-03 07:39:12.606 [info] Added views:workbench.debug.variablesView,workbench.debug.watchExpressionsView,workbench.debug.callStackView,workbench.debug.breakPointsView in workbench.view.debug
2024-07-03 07:39:12.929 [info] Added views:workbench.panel.repl.view in workbench.panel.repl
2024-07-03 07:39:12.929 [info] Removed views:workbench.debug.breakPointsView,workbench.debug.callStackView,workbench.debug.watchExpressionsView,workbench.debug.variablesView from workbench.view.debug
2024-07-03 07:39:12.930 [info] Added views:workbench.debug.welcome in workbench.view.debug
2024-07-03 07:39:13.399 [info] Added views:~remote.forwardedPorts in ~remote.forwardedPortsContainer
