2024-07-03 07:38:16.028 [info] Extension host with pid 5827 started
2024-07-03 07:38:16.028 [info] Skipping acquiring lock for /home/vetri/.config/Code - OSS/User/workspaceStorage/46677c0bff43141129bd26e3626c6669.
2024-07-03 07:38:16.543 [info] ExtensionService#_doActivateExtension mechatroner.rainbow-csv, startup: false, activationEvent: 'onLanguage:plaintext'
2024-07-03 07:38:16.667 [info] ExtensionService#_doActivateExtension vscode.emmet, startup: false, activationEvent: 'onLanguage'
2024-07-03 07:38:17.513 [info] ExtensionService#_doActivateExtension vscode.git-base, startup: true, activationEvent: '*', root cause: vscode.git
2024-07-03 07:38:17.518 [info] ExtensionService#_doActivateExtension s-nlf-fh.glassit, startup: true, activationEvent: '*'
2024-07-03 07:38:17.833 [info] ExtensionService#_doActivateExtension vscode.git, startup: true, activationEvent: '*'
2024-07-03 07:38:17.912 [info] ExtensionService#_doActivateExtension vscode.github, startup: true, activationEvent: '*'
2024-07-03 07:38:18.023 [info] Eager extensions activated
2024-07-03 07:38:18.171 [info] ExtensionService#_doActivateExtension vscode.debug-auto-launch, startup: false, activationEvent: 'onStartupFinished'
2024-07-03 07:38:18.174 [info] ExtensionService#_doActivateExtension vscode.merge-conflict, startup: false, activationEvent: 'onStartupFinished'
2024-07-03 07:38:18.182 [info] ExtensionService#_doActivateExtension yandeu.five-server, startup: false, activationEvent: 'onStartupFinished'
2024-07-03 07:38:18.212 [info] ExtensionService#_doActivateExtension vscode.json-language-features, startup: false, activationEvent: 'onLanguage:jsonc'
2024-07-03 07:38:18.277 [info] ExtensionService#_doActivateExtension vscode.typescript-language-features, startup: false, activationEvent: 'onLanguage:jsonc'
2024-07-03 07:39:06.744 [info] Extension host terminating: renderer closed the MessagePort
2024-07-03 07:39:06.764 [info] Extension host with pid 5827 exiting with code 0
2024-07-03 07:39:12.053 [info] Extension host with pid 5965 started
2024-07-03 07:39:12.053 [info] Skipping acquiring lock for /home/vetri/.config/Code - OSS/User/workspaceStorage/223cfe2e57c0f9000fbf772e89c0cb1c.
2024-07-03 07:39:12.912 [info] ExtensionService#_doActivateExtension vscode.git-base, startup: true, activationEvent: '*'
2024-07-03 07:39:13.282 [info] ExtensionService#_doActivateExtension vscode.github, startup: true, activationEvent: '*'
2024-07-03 07:39:13.340 [info] Eager extensions activated
2024-07-03 07:39:13.350 [info] ExtensionService#_doActivateExtension vscode.debug-auto-launch, startup: false, activationEvent: 'onStartupFinished'
2024-07-03 07:39:13.355 [info] ExtensionService#_doActivateExtension vscode.merge-conflict, startup: false, activationEvent: 'onStartupFinished'
2024-07-03 07:39:17.550 [info] ExtensionService#_doActivateExtension vscode.git, startup: false, activationEvent: 'api', root cause: vscode.github
2024-07-03 07:39:17.603 [info] ExtensionService#_doActivateExtension s-nlf-fh.glassit, startup: false, activationEvent: '*'
2024-07-03 07:39:17.627 [info] ExtensionService#_doActivateExtension yandeu.five-server, startup: false, activationEvent: 'onStartupFinished'
2024-07-03 07:39:17.878 [info] ExtensionService#_doActivateExtension vscode.json-language-features, startup: false, activationEvent: 'onLanguage:jsonc'
2024-07-03 07:39:17.912 [info] ExtensionService#_doActivateExtension vscode.typescript-language-features, startup: false, activationEvent: 'onLanguage:jsonc'
2024-07-03 07:39:17.949 [info] ExtensionService#_doActivateExtension vscode.emmet, startup: false, activationEvent: 'onLanguage'
2024-07-03 07:39:25.666 [info] ExtensionService#_doActivateExtension vscode.css-language-features, startup: false, activationEvent: 'onLanguage:css'
2024-07-03 07:42:12.771 [info] ExtensionService#_doActivateExtension vscode.npm, startup: false, activationEvent: 'onTerminalQuickFixRequest:ms-vscode.npm-command'
2024-07-03 07:42:45.130 [info] Extension host terminating: renderer closed the MessagePort
2024-07-03 07:42:45.158 [info] Extension host with pid 5965 exiting with code 0
