2024-07-03 07:38:18.076 [info] Log level: Info
2024-07-03 07:38:18.076 [info] Validating found git in: "git"
2024-07-03 07:38:18.076 [info] Using git "2.45.2" from "git"
2024-07-03 07:38:18.076 [info] > git rev-parse --show-toplevel [7ms]
2024-07-03 07:38:18.076 [info] fatal: not a git repository (or any of the parent directories): .git
2024-07-03 07:38:18.076 [info] > git rev-parse --show-toplevel [6ms]
2024-07-03 07:38:18.076 [info] fatal: not a git repository (or any of the parent directories): .git
2024-07-03 07:38:18.078 [info] > git rev-parse --show-toplevel [3ms]
2024-07-03 07:38:18.078 [info] fatal: not a git repository (or any of the parent directories): .git
2024-07-03 07:38:18.661 [info] > git rev-parse --show-toplevel [7ms]
2024-07-03 07:38:18.661 [info] fatal: not a git repository (or any of the parent directories): .git
2024-07-03 07:38:19.843 [info] > git rev-parse --show-toplevel [7ms]
2024-07-03 07:38:19.843 [info] fatal: not a git repository (or any of the parent directories): .git
2024-07-03 07:38:20.735 [info] > git rev-parse --show-toplevel [3ms]
2024-07-03 07:38:20.735 [info] fatal: not a git repository (or any of the parent directories): .git
2024-07-03 07:39:17.849 [info] Log level: Info
2024-07-03 07:39:17.849 [info] Validating found git in: "git"
2024-07-03 07:39:17.849 [info] Using git "2.45.2" from "git"
2024-07-03 07:39:17.849 [info] > git rev-parse --show-toplevel [26ms]
2024-07-03 07:39:17.849 [info] fatal: not a git repository (or any parent up to mount point /)
Stopping at filesystem boundary (GIT_DISCOVERY_ACROSS_FILESYSTEM not set).
2024-07-03 07:39:17.874 [info] > git rev-parse --show-toplevel [7ms]
2024-07-03 07:39:17.874 [info] fatal: detected dubious ownership in repository at '/data/Users/VetriVendhan/Downloads/Unity-Simple-Multiplayer-Game-master/Code to Logic/Fullstack Training/Cartrabbit/frontend'
To add an exception for this directory, call:

	git config --global --add safe.directory '/data/Users/VetriVendhan/Downloads/Unity-Simple-Multiplayer-Game-master/Code to Logic/Fullstack Training/Cartrabbit/frontend'
2024-07-03 07:39:23.026 [info] > git rev-parse --show-toplevel [17ms]
2024-07-03 07:39:23.026 [info] fatal: detected dubious ownership in repository at '/data/Users/VetriVendhan/Downloads/Unity-Simple-Multiplayer-Game-master/Code to Logic/Fullstack Training/Cartrabbit/frontend'
To add an exception for this directory, call:

	git config --global --add safe.directory '/data/Users/VetriVendhan/Downloads/Unity-Simple-Multiplayer-Game-master/Code to Logic/Fullstack Training/Cartrabbit/frontend'
2024-07-03 07:39:25.562 [info] > git rev-parse --show-toplevel [16ms]
2024-07-03 07:39:25.562 [info] fatal: detected dubious ownership in repository at '/data/Users/VetriVendhan/Downloads/Unity-Simple-Multiplayer-Game-master/Code to Logic/Fullstack Training/Cartrabbit/frontend'
To add an exception for this directory, call:

	git config --global --add safe.directory '/data/Users/VetriVendhan/Downloads/Unity-Simple-Multiplayer-Game-master/Code to Logic/Fullstack Training/Cartrabbit/frontend'
2024-07-03 07:39:34.761 [info] > git rev-parse --show-toplevel [15ms]
2024-07-03 07:39:34.761 [info] fatal: detected dubious ownership in repository at '/data/Users/VetriVendhan/Downloads/Unity-Simple-Multiplayer-Game-master/Code to Logic/Fullstack Training/Cartrabbit/frontend'
To add an exception for this directory, call:

	git config --global --add safe.directory '/data/Users/VetriVendhan/Downloads/Unity-Simple-Multiplayer-Game-master/Code to Logic/Fullstack Training/Cartrabbit/frontend'
2024-07-03 07:39:38.545 [info] > git rev-parse --show-toplevel [7ms]
2024-07-03 07:39:38.545 [info] fatal: detected dubious ownership in repository at '/data/Users/VetriVendhan/Downloads/Unity-Simple-Multiplayer-Game-master/Code to Logic/Fullstack Training/Cartrabbit/frontend'
To add an exception for this directory, call:

	git config --global --add safe.directory '/data/Users/VetriVendhan/Downloads/Unity-Simple-Multiplayer-Game-master/Code to Logic/Fullstack Training/Cartrabbit/frontend'
2024-07-03 07:39:41.946 [info] > git rev-parse --show-toplevel [11ms]
2024-07-03 07:39:41.946 [info] fatal: detected dubious ownership in repository at '/data/Users/VetriVendhan/Downloads/Unity-Simple-Multiplayer-Game-master/Code to Logic/Fullstack Training/Cartrabbit/frontend'
To add an exception for this directory, call:

	git config --global --add safe.directory '/data/Users/VetriVendhan/Downloads/Unity-Simple-Multiplayer-Game-master/Code to Logic/Fullstack Training/Cartrabbit/frontend'
2024-07-03 07:39:48.161 [info] > git rev-parse --show-toplevel [20ms]
2024-07-03 07:39:48.161 [info] fatal: detected dubious ownership in repository at '/data/Users/VetriVendhan/Downloads/Unity-Simple-Multiplayer-Game-master/Code to Logic/Fullstack Training/Cartrabbit/frontend'
To add an exception for this directory, call:

	git config --global --add safe.directory '/data/Users/VetriVendhan/Downloads/Unity-Simple-Multiplayer-Game-master/Code to Logic/Fullstack Training/Cartrabbit/frontend'
2024-07-03 07:39:53.618 [info] > git rev-parse --show-toplevel [13ms]
2024-07-03 07:39:53.619 [info] fatal: detected dubious ownership in repository at '/data/Users/VetriVendhan/Downloads/Unity-Simple-Multiplayer-Game-master/Code to Logic/Fullstack Training/Cartrabbit/frontend'
To add an exception for this directory, call:

	git config --global --add safe.directory '/data/Users/VetriVendhan/Downloads/Unity-Simple-Multiplayer-Game-master/Code to Logic/Fullstack Training/Cartrabbit/frontend'
2024-07-03 07:40:03.294 [info] > git rev-parse --show-toplevel [7ms]
2024-07-03 07:40:03.298 [info] fatal: detected dubious ownership in repository at '/data/Users/VetriVendhan/Downloads/Unity-Simple-Multiplayer-Game-master/Code to Logic/Fullstack Training/Cartrabbit/frontend'
To add an exception for this directory, call:

	git config --global --add safe.directory '/data/Users/VetriVendhan/Downloads/Unity-Simple-Multiplayer-Game-master/Code to Logic/Fullstack Training/Cartrabbit/frontend'
2024-07-03 07:40:04.986 [info] > git rev-parse --show-toplevel [5ms]
2024-07-03 07:40:04.986 [info] fatal: detected dubious ownership in repository at '/data/Users/VetriVendhan/Downloads/Unity-Simple-Multiplayer-Game-master/Code to Logic/Fullstack Training/Cartrabbit/frontend'
To add an exception for this directory, call:

	git config --global --add safe.directory '/data/Users/VetriVendhan/Downloads/Unity-Simple-Multiplayer-Game-master/Code to Logic/Fullstack Training/Cartrabbit/frontend'
2024-07-03 07:40:22.949 [info] > git rev-parse --show-toplevel [5ms]
2024-07-03 07:40:22.949 [info] fatal: detected dubious ownership in repository at '/data/Users/VetriVendhan/Downloads/Unity-Simple-Multiplayer-Game-master/Code to Logic/Fullstack Training/Cartrabbit/frontend'
To add an exception for this directory, call:

	git config --global --add safe.directory '/data/Users/VetriVendhan/Downloads/Unity-Simple-Multiplayer-Game-master/Code to Logic/Fullstack Training/Cartrabbit/frontend'
2024-07-03 07:40:26.501 [info] > git rev-parse --show-toplevel [3ms]
2024-07-03 07:40:26.501 [info] fatal: detected dubious ownership in repository at '/data/Users/VetriVendhan/Downloads/Unity-Simple-Multiplayer-Game-master/Code to Logic/Fullstack Training/Cartrabbit/frontend'
To add an exception for this directory, call:

	git config --global --add safe.directory '/data/Users/VetriVendhan/Downloads/Unity-Simple-Multiplayer-Game-master/Code to Logic/Fullstack Training/Cartrabbit/frontend'
2024-07-03 07:40:29.266 [info] > git rev-parse --show-toplevel [4ms]
2024-07-03 07:40:29.266 [info] fatal: detected dubious ownership in repository at '/data/Users/VetriVendhan/Downloads/Unity-Simple-Multiplayer-Game-master/Code to Logic/Fullstack Training/Cartrabbit/frontend'
To add an exception for this directory, call:

	git config --global --add safe.directory '/data/Users/VetriVendhan/Downloads/Unity-Simple-Multiplayer-Game-master/Code to Logic/Fullstack Training/Cartrabbit/frontend'
2024-07-03 07:40:36.269 [info] > git rev-parse --show-toplevel [3ms]
2024-07-03 07:40:36.269 [info] fatal: detected dubious ownership in repository at '/data/Users/VetriVendhan/Downloads/Unity-Simple-Multiplayer-Game-master/Code to Logic/Fullstack Training/Cartrabbit/frontend'
To add an exception for this directory, call:

	git config --global --add safe.directory '/data/Users/VetriVendhan/Downloads/Unity-Simple-Multiplayer-Game-master/Code to Logic/Fullstack Training/Cartrabbit/frontend'
2024-07-03 07:40:37.949 [info] > git rev-parse --show-toplevel [3ms]
2024-07-03 07:40:37.949 [info] fatal: detected dubious ownership in repository at '/data/Users/VetriVendhan/Downloads/Unity-Simple-Multiplayer-Game-master/Code to Logic/Fullstack Training/Cartrabbit/frontend'
To add an exception for this directory, call:

	git config --global --add safe.directory '/data/Users/VetriVendhan/Downloads/Unity-Simple-Multiplayer-Game-master/Code to Logic/Fullstack Training/Cartrabbit/frontend'
